#
# There is insufficient memory for the Java Runtime Environment to continue.
# Native memory allocation (mmap) failed to map 716177408 bytes for committing reserved memory.
# Possible reasons:
#   The system is out of physical RAM or swap space
#   The process is running with CompressedOops enabled, and the Java Heap may be blocking the growth of the native heap
# Possible solutions:
#   Reduce memory load on the system
#   Increase physical memory or swap space
#   Check if swap backing store is full
#   Decrease Java heap size (-Xmx/-Xms)
#   Decrease number of Java threads
#   Decrease Java thread stack sizes (-Xss)
#   Set larger code cache with -XX:ReservedCodeCacheSize=
# This output file may be truncated or incomplete.
#
#  Out of Memory Error (os_linux.cpp:2706), pid=32084, tid=32085
#
# JRE version:  (10.0.2+13) (build )
# Java VM: Java HotSpot(TM) 64-Bit Server VM (10.0.2+13, mixed mode, aot, tiered, compressed oops, parallel gc, linux-amd64)
# Core dump will be written. Default location: Core dumps may be processed with "/usr/share/apport/apport %p %s %c %d %P" (or dumping to /home/smith/Рабочий стол/patmat/core.32084)
#

---------------  S U M M A R Y ------------

Command Line: -Xms1024m -Xmx1024m -XX:ReservedCodeCacheSize=128m -XX:MaxMetaspaceSize=256m -XX:+UseParallelGC -Dscala.ext.dirs=/home/smith/.sbt/0.13/java9-rt-ext-oracle_corporation_10_0_2 /usr/share/sbt/bin/sbt-launch.jar

Host: Intel(R) Core(TM) i5-4430 CPU @ 3.00GHz, 4 cores, 7G, Linux Mint 19 Tara
Time: Wed Jul 25 22:54:45 2018 MSK elapsed time: 0 seconds (0d 0h 0m 0s)

---------------  T H R E A D  ---------------

Current thread (0x00007f7898011000):  JavaThread "Unknown thread" [_thread_in_vm, id=32085, stack(0x00007f78a0033000,0x00007f78a0134000)]

Stack: [0x00007f78a0033000,0x00007f78a0134000],  sp=0x00007f78a01323e0,  free space=1020k
Native frames: (J=compiled Java code, A=aot compiled Java code, j=interpreted, Vv=VM code, C=native code)
V  [libjvm.so+0xdf5452]  VMError::report_and_die(int, char const*, char const*, __va_list_tag*, Thread*, unsigned char*, void*, void*, char const*, int, unsigned long)+0x162
V  [libjvm.so+0xdf60fb]  VMError::report_and_die(Thread*, char const*, int, unsigned long, VMErrorType, char const*, __va_list_tag*)+0x2b
V  [libjvm.so+0x6a7c28]  report_vm_out_of_memory(char const*, int, unsigned long, VMErrorType, char const*, ...)+0xd8
V  [libjvm.so+0xbff5fa]  os::pd_commit_memory(char*, unsigned long, unsigned long, bool)+0xda
V  [libjvm.so+0xbf7b1f]  os::commit_memory(char*, unsigned long, unsigned long, bool)+0x1f
V  [libjvm.so+0xc96a7b]  PSVirtualSpace::expand_by(unsigned long)+0x5b
V  [libjvm.so+0xc7f7a8]  PSOldGen::initialize(ReservedSpace, unsigned long, char const*, int)+0x98
V  [libjvm.so+0x43c03e]  AdjoiningGenerations::AdjoiningGenerations(ReservedSpace, GenerationSizer*, unsigned long)+0x31e
V  [libjvm.so+0xc3671c]  ParallelScavengeHeap::initialize()+0x16c
V  [libjvm.so+0xdb32c2]  Universe::initialize_heap()+0x32
V  [libjvm.so+0xdb35a4]  universe_init()+0x44
V  [libjvm.so+0x87c127]  init_globals()+0x57
V  [libjvm.so+0xd92b60]  Threads::create_vm(JavaVMInitArgs*, bool*)+0x2e0
V  [libjvm.so+0x931996]  JNI_CreateJavaVM+0x56
C  [libjli.so+0x3a71]  JavaMain+0x81
C  [libpthread.so.0+0x76db]  start_thread+0xdb


---------------  P R O C E S S  ---------------

Threads class SMR info:
_java_thread_list=0x0000000001ebed90, length=0, elements={
}

Java Threads: ( => current thread )

Other Threads:

[error occurred during error reporting (printing all threads), id 0xe0000002]

VM state:not at safepoint (not fully initialized)

VM Mutex/Monitor currently owned by a thread: None

Heap address: 0x00000000c0000000, size: 1024 MB, Compressed Oops mode: Non-zero based: 0x00000000c0000000
Narrow klass base: 0x0000000000000000, Narrow klass shift: 0

GC Heap History (0 events):
No events

Deoptimization events (0 events):
No events

Classes redefined (0 events):
No events

Internal exceptions (0 events):
No events

Events (0 events):
No events


Dynamic libraries:
00400000-00401000 r-xp 00000000 08:41 673927                             /usr/lib/jvm/java-10-oracle/bin/java
00600000-00601000 rw-p 00000000 08:41 673927                             /usr/lib/jvm/java-10-oracle/bin/java
01ebb000-01edc000 rw-p 00000000 00:00 0                                  [heap]
eab00000-100000000 rw-p 00000000 00:00 0 
7f7884c3a000-7f7884eaa000 rwxp 00000000 00:00 0 
7f7884eaa000-7f788cc3a000 ---p 00000000 00:00 0 
7f788cc3a000-7f7898000000 r--s 00000000 08:41 673963                     /usr/lib/jvm/java-10-oracle/lib/modules
7f7898000000-7f789803b000 rw-p 00000000 00:00 0 
7f789803b000-7f789c000000 ---p 00000000 00:00 0 
7f789c1c0000-7f789c534000 rw-p 00000000 00:00 0 
7f789c534000-7f789c689000 ---p 00000000 00:00 0 
7f789c689000-7f789c73a000 rw-p 00000000 00:00 0 
7f789c73a000-7f789c835000 ---p 00000000 00:00 0 
7f789c835000-7f789c84f000 r-xp 00000000 08:41 673961                     /usr/lib/jvm/java-10-oracle/lib/libjimage.so
7f789c84f000-7f789ca4e000 ---p 0001a000 08:41 673961                     /usr/lib/jvm/java-10-oracle/lib/libjimage.so
7f789ca4e000-7f789ca50000 rw-p 00019000 08:41 673961                     /usr/lib/jvm/java-10-oracle/lib/libjimage.so
7f789ca50000-7f789ca62000 rw-p 00000000 00:00 0 
7f789ca62000-7f789ca69000 r-xp 00000000 08:41 673981                     /usr/lib/jvm/java-10-oracle/lib/libzip.so
7f789ca69000-7f789cc68000 ---p 00007000 08:41 673981                     /usr/lib/jvm/java-10-oracle/lib/libzip.so
7f789cc68000-7f789cc69000 rw-p 00006000 08:41 673981                     /usr/lib/jvm/java-10-oracle/lib/libzip.so
7f789cc69000-7f789cc74000 r-xp 00000000 08:41 282101                     /lib/x86_64-linux-gnu/libnss_files-2.27.so
7f789cc74000-7f789ce73000 ---p 0000b000 08:41 282101                     /lib/x86_64-linux-gnu/libnss_files-2.27.so
7f789ce73000-7f789ce74000 r--p 0000a000 08:41 282101                     /lib/x86_64-linux-gnu/libnss_files-2.27.so
7f789ce74000-7f789ce75000 rw-p 0000b000 08:41 282101                     /lib/x86_64-linux-gnu/libnss_files-2.27.so
7f789ce75000-7f789ce7b000 rw-p 00000000 00:00 0 
7f789ce7b000-7f789ce92000 r-xp 00000000 08:41 282098                     /lib/x86_64-linux-gnu/libnsl-2.27.so
7f789ce92000-7f789d091000 ---p 00017000 08:41 282098                     /lib/x86_64-linux-gnu/libnsl-2.27.so
7f789d091000-7f789d092000 r--p 00016000 08:41 282098                     /lib/x86_64-linux-gnu/libnsl-2.27.so
7f789d092000-7f789d093000 rw-p 00017000 08:41 282098                     /lib/x86_64-linux-gnu/libnsl-2.27.so
7f789d093000-7f789d095000 rw-p 00000000 00:00 0 
7f789d095000-7f789d0a0000 r-xp 00000000 08:41 282103                     /lib/x86_64-linux-gnu/libnss_nis-2.27.so
7f789d0a0000-7f789d29f000 ---p 0000b000 08:41 282103                     /lib/x86_64-linux-gnu/libnss_nis-2.27.so
7f789d29f000-7f789d2a0000 r--p 0000a000 08:41 282103                     /lib/x86_64-linux-gnu/libnss_nis-2.27.so
7f789d2a0000-7f789d2a1000 rw-p 0000b000 08:41 282103                     /lib/x86_64-linux-gnu/libnss_nis-2.27.so
7f789d2a1000-7f789d2a9000 r-xp 00000000 08:41 282099                     /lib/x86_64-linux-gnu/libnss_compat-2.27.so
7f789d2a9000-7f789d4a9000 ---p 00008000 08:41 282099                     /lib/x86_64-linux-gnu/libnss_compat-2.27.so
7f789d4a9000-7f789d4aa000 r--p 00008000 08:41 282099                     /lib/x86_64-linux-gnu/libnss_compat-2.27.so
7f789d4aa000-7f789d4ab000 rw-p 00009000 08:41 282099                     /lib/x86_64-linux-gnu/libnss_compat-2.27.so
7f789d4ab000-7f789d4d5000 r-xp 00000000 08:41 673948                     /usr/lib/jvm/java-10-oracle/lib/libjava.so
7f789d4d5000-7f789d6d5000 ---p 0002a000 08:41 673948                     /usr/lib/jvm/java-10-oracle/lib/libjava.so
7f789d6d5000-7f789d6d7000 rw-p 0002a000 08:41 673948                     /usr/lib/jvm/java-10-oracle/lib/libjava.so
7f789d6d7000-7f789d6e4000 r-xp 00000000 08:41 673969                     /usr/lib/jvm/java-10-oracle/lib/libverify.so
7f789d6e4000-7f789d8e3000 ---p 0000d000 08:41 673969                     /usr/lib/jvm/java-10-oracle/lib/libverify.so
7f789d8e3000-7f789d8e5000 rw-p 0000c000 08:41 673969                     /usr/lib/jvm/java-10-oracle/lib/libverify.so
7f789d8e5000-7f789d8ec000 r-xp 00000000 08:41 282108                     /lib/x86_64-linux-gnu/librt-2.27.so
7f789d8ec000-7f789daeb000 ---p 00007000 08:41 282108                     /lib/x86_64-linux-gnu/librt-2.27.so
7f789daeb000-7f789daec000 r--p 00006000 08:41 282108                     /lib/x86_64-linux-gnu/librt-2.27.so
7f789daec000-7f789daed000 rw-p 00007000 08:41 282108                     /lib/x86_64-linux-gnu/librt-2.27.so
7f789daed000-7f789dc8a000 r-xp 00000000 08:41 282095                     /lib/x86_64-linux-gnu/libm-2.27.so
7f789dc8a000-7f789de89000 ---p 0019d000 08:41 282095                     /lib/x86_64-linux-gnu/libm-2.27.so
7f789de89000-7f789de8a000 r--p 0019c000 08:41 282095                     /lib/x86_64-linux-gnu/libm-2.27.so
7f789de8a000-7f789de8b000 rw-p 0019d000 08:41 282095                     /lib/x86_64-linux-gnu/libm-2.27.so
7f789de8b000-7f789ef76000 r-xp 00000000 08:41 674043                     /usr/lib/jvm/java-10-oracle/lib/server/libjvm.so
7f789ef76000-7f789f175000 ---p 010eb000 08:41 674043                     /usr/lib/jvm/java-10-oracle/lib/server/libjvm.so
7f789f175000-7f789f255000 r--p 010ea000 08:41 674043                     /usr/lib/jvm/java-10-oracle/lib/server/libjvm.so
7f789f255000-7f789f28f000 rw-p 011ca000 08:41 674043                     /usr/lib/jvm/java-10-oracle/lib/server/libjvm.so
7f789f28f000-7f789f2f9000 rw-p 00000000 00:00 0 
7f789f2f9000-7f789f4e0000 r-xp 00000000 08:41 282091                     /lib/x86_64-linux-gnu/libc-2.27.so
7f789f4e0000-7f789f6e0000 ---p 001e7000 08:41 282091                     /lib/x86_64-linux-gnu/libc-2.27.so
7f789f6e0000-7f789f6e4000 r--p 001e7000 08:41 282091                     /lib/x86_64-linux-gnu/libc-2.27.so
7f789f6e4000-7f789f6e6000 rw-p 001eb000 08:41 282091                     /lib/x86_64-linux-gnu/libc-2.27.so
7f789f6e6000-7f789f6ea000 rw-p 00000000 00:00 0 
7f789f6ea000-7f789f6ed000 r-xp 00000000 08:41 282094                     /lib/x86_64-linux-gnu/libdl-2.27.so
7f789f6ed000-7f789f8ec000 ---p 00003000 08:41 282094                     /lib/x86_64-linux-gnu/libdl-2.27.so
7f789f8ec000-7f789f8ed000 r--p 00002000 08:41 282094                     /lib/x86_64-linux-gnu/libdl-2.27.so
7f789f8ed000-7f789f8ee000 rw-p 00003000 08:41 282094                     /lib/x86_64-linux-gnu/libdl-2.27.so
7f789f8ee000-7f789f8fc000 r-xp 00000000 08:41 674648                     /usr/lib/jvm/java-10-oracle/lib/jli/libjli.so
7f789f8fc000-7f789fafc000 ---p 0000e000 08:41 674648                     /usr/lib/jvm/java-10-oracle/lib/jli/libjli.so
7f789fafc000-7f789fafd000 rw-p 0000e000 08:41 674648                     /usr/lib/jvm/java-10-oracle/lib/jli/libjli.so
7f789fafd000-7f789fb17000 r-xp 00000000 08:41 282106                     /lib/x86_64-linux-gnu/libpthread-2.27.so
7f789fb17000-7f789fd16000 ---p 0001a000 08:41 282106                     /lib/x86_64-linux-gnu/libpthread-2.27.so
7f789fd16000-7f789fd17000 r--p 00019000 08:41 282106                     /lib/x86_64-linux-gnu/libpthread-2.27.so
7f789fd17000-7f789fd18000 rw-p 0001a000 08:41 282106                     /lib/x86_64-linux-gnu/libpthread-2.27.so
7f789fd18000-7f789fd1c000 rw-p 00000000 00:00 0 
7f789fd1c000-7f789fd38000 r-xp 00000000 08:41 266866                     /lib/x86_64-linux-gnu/libz.so.1.2.11
7f789fd38000-7f789ff37000 ---p 0001c000 08:41 266866                     /lib/x86_64-linux-gnu/libz.so.1.2.11
7f789ff37000-7f789ff38000 r--p 0001b000 08:41 266866                     /lib/x86_64-linux-gnu/libz.so.1.2.11
7f789ff38000-7f789ff39000 rw-p 0001c000 08:41 266866                     /lib/x86_64-linux-gnu/libz.so.1.2.11
7f789ff39000-7f789ff60000 r-xp 00000000 08:41 277285                     /lib/x86_64-linux-gnu/ld-2.27.so
7f78a0033000-7f78a0037000 ---p 00000000 00:00 0 
7f78a0037000-7f78a0138000 rw-p 00000000 00:00 0 
7f78a0156000-7f78a015e000 rw-s 00000000 08:41 537900                     /tmp/hsperfdata_smith/32084
7f78a015e000-7f78a015f000 ---p 00000000 00:00 0 
7f78a015f000-7f78a0160000 r--p 00000000 00:00 0 
7f78a0160000-7f78a0161000 r--p 00027000 08:41 277285                     /lib/x86_64-linux-gnu/ld-2.27.so
7f78a0161000-7f78a0162000 rw-p 00028000 08:41 277285                     /lib/x86_64-linux-gnu/ld-2.27.so
7f78a0162000-7f78a0163000 rw-p 00000000 00:00 0 
7ffdd2e15000-7ffdd2e37000 rw-p 00000000 00:00 0                          [stack]
7ffdd2efe000-7ffdd2f01000 r--p 00000000 00:00 0                          [vvar]
7ffdd2f01000-7ffdd2f03000 r-xp 00000000 00:00 0                          [vdso]
ffffffffff600000-ffffffffff601000 r-xp 00000000 00:00 0                  [vsyscall]


VM Arguments:
jvm_args: -Xms1024m -Xmx1024m -XX:ReservedCodeCacheSize=128m -XX:MaxMetaspaceSize=256m -XX:+UseParallelGC -Dscala.ext.dirs=/home/smith/.sbt/0.13/java9-rt-ext-oracle_corporation_10_0_2 
java_command: /usr/share/sbt/bin/sbt-launch.jar
java_class_path (initial): /usr/share/sbt/bin/sbt-launch.jar
Launcher Type: SUN_STANDARD

Logging:
Log output configuration:
#0: stdout all=warning uptime,level,tags
#1: stderr all=off uptime,level,tags

Environment Variables:
JAVA_HOME=/usr/lib/jvm/java-10-oracle
PATH=/opt/google-cloud-sdk/bin:/home/smith/bin:/home/smith/.local/bin:/usr/local/sbin:/usr/local/bin:/usr/sbin:/usr/bin:/sbin:/bin:/opt/glassfish5/bin:/opt/idea-IU-181.4203.550/bin/:/opt/maven/bin/:/opt/scala-2.12.6/bin:/opt/idea-IU-181.5540.7/bin:/snap/bin:/usr/lib/jvm/java-10-oracle/bin:/usr/lib/jvm/java-10-oracle/db/bin:/usr/lib/jvm/java-10-oracle/bin:/usr/lib/jvm/java-10-oracle/db/bin
SHELL=/bin/bash
DISPLAY=:0

Signal Handlers:
SIGSEGV: [libjvm.so+0xdf6210], sa_mask[0]=11111111011111111101111111111110, sa_flags=SA_RESTART|SA_SIGINFO
SIGBUS: [libjvm.so+0xdf6210], sa_mask[0]=11111111011111111101111111111110, sa_flags=SA_RESTART|SA_SIGINFO
SIGFPE: [libjvm.so+0xdf6210], sa_mask[0]=11111111011111111101111111111110, sa_flags=SA_RESTART|SA_SIGINFO
SIGPIPE: [libjvm.so+0xbfbe70], sa_mask[0]=11111111011111111101111111111110, sa_flags=SA_RESTART|SA_SIGINFO
SIGXFSZ: [libjvm.so+0xbfbe70], sa_mask[0]=11111111011111111101111111111110, sa_flags=SA_RESTART|SA_SIGINFO
SIGILL: [libjvm.so+0xdf6210], sa_mask[0]=11111111011111111101111111111110, sa_flags=SA_RESTART|SA_SIGINFO
SIGUSR2: [libjvm.so+0xbfc200], sa_mask[0]=00100000000000000000000000000000, sa_flags=SA_RESTART|SA_SIGINFO
SIGHUP: SIG_DFL, sa_mask[0]=00000000000000000000000000000000, sa_flags=none
SIGINT: SIG_DFL, sa_mask[0]=00000000000000000000000000000000, sa_flags=none
SIGTERM: SIG_DFL, sa_mask[0]=00000000000000000000000000000000, sa_flags=none
SIGQUIT: SIG_DFL, sa_mask[0]=00000000000000000000000000000000, sa_flags=none


---------------  S Y S T E M  ---------------

OS:DISTRIB_ID=LinuxMint
DISTRIB_RELEASE=19
DISTRIB_CODENAME=tara
DISTRIB_DESCRIPTION="Linux Mint 19 Tara"
uname:Linux 4.15.0-29-generic #31-Ubuntu SMP Tue Jul 17 15:39:52 UTC 2018 x86_64
libc:glibc 2.27 NPTL 2.27 
rlimit: STACK 8192k, CORE 0k, NPROC 30296, NOFILE 1048576, AS infinity, DATA infinity, FSIZE infinity
load average:3.21 3.22 3.16

/proc/meminfo:
MemTotal:        7817808 kB
MemFree:          184824 kB
MemAvailable:     438980 kB
Buffers:           14148 kB
Cached:           826464 kB
SwapCached:            0 kB
Active:          6536068 kB
Inactive:         574792 kB
Active(anon):    6275400 kB
Inactive(anon):   399520 kB
Active(file):     260668 kB
Inactive(file):   175272 kB
Unevictable:         920 kB
Mlocked:             920 kB
SwapTotal:             0 kB
SwapFree:              0 kB
Dirty:             42748 kB
Writeback:             0 kB
AnonPages:       6271200 kB
Mapped:           546960 kB
Shmem:            404660 kB
Slab:             351592 kB
SReclaimable:      74932 kB
SUnreclaim:       276660 kB
KernelStack:       14976 kB
PageTables:        72276 kB
NFS_Unstable:          0 kB
Bounce:                0 kB
WritebackTmp:          0 kB
CommitLimit:     3908904 kB
Committed_AS:   13288080 kB
VmallocTotal:   34359738367 kB
VmallocUsed:           0 kB
VmallocChunk:          0 kB
HardwareCorrupted:     0 kB
AnonHugePages:      8192 kB
ShmemHugePages:        0 kB
ShmemPmdMapped:        0 kB
CmaTotal:              0 kB
CmaFree:               0 kB
HugePages_Total:       0
HugePages_Free:        0
HugePages_Rsvd:        0
HugePages_Surp:        0
Hugepagesize:       2048 kB
DirectMap4k:     6770172 kB
DirectMap2M:     1263616 kB
DirectMap1G:     1048576 kB

container (cgroup) information:
container_type: cgroupv1
cpu_cpuset_cpus: 0-3
cpu_memory_nodes: 0
active_processor_count: 4
cpu_quota: -1
cpu_period: 100000
cpu_shares: -1
memory_limit_in_bytes: -1
memory_and_swap_limit_in_bytes: -2
memory_soft_limit_in_bytes: -1
memory_usage_in_bytes: 7282610176
memory_max_usage_in_bytes: 1925091328


CPU:total 4 (initial active 4) (4 cores per cpu, 1 threads per core) family 6 model 60 stepping 3, cmov, cx8, fxsr, mmx, sse, sse2, sse3, ssse3, sse4.1, sse4.2, popcnt, avx, avx2, aes, clmul, erms, lzcnt, tsc, tscinvbit, bmi1, bmi2, fma
CPU Model and flags from /proc/cpuinfo:
model name	: Intel(R) Core(TM) i5-4430 CPU @ 3.00GHz
flags		: fpu vme de pse tsc msr pae mce cx8 apic sep mtrr pge mca cmov pat pse36 clflush dts acpi mmx fxsr sse sse2 ss ht tm pbe syscall nx pdpe1gb rdtscp lm constant_tsc arch_perfmon pebs bts rep_good nopl xtopology nonstop_tsc cpuid aperfmperf pni pclmulqdq dtes64 monitor ds_cpl vmx est tm2 ssse3 sdbg fma cx16 xtpr pdcm pcid sse4_1 sse4_2 x2apic movbe popcnt tsc_deadline_timer aes xsave avx f16c rdrand lahf_lm abm cpuid_fault invpcid_single pti ibrs ibpb stibp tpr_shadow vnmi flexpriority ept vpid fsgsbase tsc_adjust bmi1 avx2 smep bmi2 erms invpcid xsaveopt dtherm ida arat pln pts

Memory: 4k page, physical 7817808k(184576k free), swap 0k(0k free)

vm_info: Java HotSpot(TM) 64-Bit Server VM (10.0.2+13) for linux-amd64 JRE (10.0.2+13), built on Jun 27 2018 17:51:35 by "mach5one" with gcc 4.9.2

END.
